Build started 12/11/2018 12:28:49 PM.
     1>Project "D:\WORK\UNI\17065178_CPA\gldemo.vcxproj" on node 2 (Build target(s)).
     1>ClCompile:
         D:\Visual Studio 2013\VC\bin\CL.exe /c /ZI /nologo /W3 /WX- /sdl /Od /Oy- /D WIN32 /D _DEBUG /D _CONSOLE /D _LIB /D _UNICODE /D UNICODE /Gm /EHsc /RTC1 /MDd /GS /fp:precise /Zc:wchar_t /Zc:forScope /Yu"stdafx.h" /Fp"Debug\gldemo.pch" /Fo"Debug\\" /Fd"Debug\vc120.pdb" /Gd /TP /analyze- /errorReport:prompt gldemo.cpp shader_setup.cpp texture_loader.cpp
         gldemo.cpp
     1>d:\work\uni\17065178_cpa\gldemo.cpp(76): warning C4305: 'initializing' : truncation from 'double' to 'GLfloat'
     1>d:\work\uni\17065178_cpa\gldemo.cpp(86): warning C4305: 'initializing' : truncation from 'double' to 'GLfloat'
     1>d:\work\uni\17065178_cpa\gldemo.cpp(96): warning C4305: 'initializing' : truncation from 'double' to 'GLfloat'
     1>d:\work\uni\17065178_cpa\gldemo.cpp(106): warning C4305: 'initializing' : truncation from 'double' to 'GLfloat'
     1>d:\work\uni\17065178_cpa\gldemo.cpp(116): warning C4305: 'initializing' : truncation from 'double' to 'GLfloat'
     1>d:\work\uni\17065178_cpa\gldemo.cpp(126): warning C4305: 'initializing' : truncation from 'double' to 'GLfloat'
     1>d:\work\uni\17065178_cpa\gldemo.cpp(137): warning C4305: 'initializing' : truncation from 'double' to 'GLfloat'
         Generating Code...
         Skipping... (no relevant changes detected)
         texture_loader.cpp
         shader_setup.cpp
       Link:
         D:\Visual Studio 2013\VC\bin\link.exe /ERRORREPORT:PROMPT /OUT:"D:\WORK\UNI\17065178_CPA\Debug\gldemo.exe" /INCREMENTAL /NOLOGO FreeImage\FreeImagePlus.lib windowscodecs.lib CoreStructures\CoreStructures.lib freeglut\freeglut.lib glew\glew32.lib kernel32.lib user32.lib gdi32.lib winspool.lib comdlg32.lib advapi32.lib shell32.lib ole32.lib oleaut32.lib uuid.lib odbc32.lib odbccp32.lib /MANIFEST /MANIFESTUAC:"level='asInvoker' uiAccess='false'" /manifest:embed /DEBUG /PDB:"D:\WORK\UNI\17065178_CPA\Debug\gldemo.pdb" /SUBSYSTEM:CONSOLE /TLBID:1 /DYNAMICBASE /NXCOMPAT /IMPLIB:"D:\WORK\UNI\17065178_CPA\Debug\gldemo.lib" /MACHINE:X86 Debug\Circle.obj
         Debug\gldemo.obj
         Debug\shader_setup.obj
         Debug\stdafx.obj
         Debug\texture_loader.obj
         gldemo.vcxproj -> D:\WORK\UNI\17065178_CPA\Debug\gldemo.exe
     1>Done Building Project "D:\WORK\UNI\17065178_CPA\gldemo.vcxproj" (Build target(s)).

Build succeeded.

Time Elapsed 00:00:01.03
